<?xml version="1.0" encoding="UTF-8"?>
<robot generator="Robot 7.2.2 (Python 3.12.3 on linux)" generated="2025-04-12T10:25:28.901212" rpa="false" schemaversion="5">
<suite id="s1" name="Tests" source="/home/dias/Documents/kbtu/soft/browserStack/tests.robot">
<test id="s1-t1" name="Successful Account Login" line="15">
<kw name="Open Browser To ParaBank">
<kw name="Get Browserstack Url" owner="browserstack_config">
<msg time="2025-04-12T10:25:29.030184" level="INFO">${remote_url} = https://dysmon_Mlc58X:tL2LN4zxKufmEATBcRBQ@hub-cloud.browserstack.com/wd/hub</msg>
<var>${remote_url}</var>
<status status="PASS" start="2025-04-12T10:25:29.029839" elapsed="0.000410"/>
</kw>
<kw name="Get Browser Options" owner="browserstack_config">
<msg time="2025-04-12T10:25:29.031047" level="INFO">${options} = &lt;selenium.webdriver.safari.options.Options object at 0x737417325fd0&gt;</msg>
<var>${options}</var>
<arg>${BROWSER}</arg>
<status status="PASS" start="2025-04-12T10:25:29.030556" elapsed="0.000558"/>
</kw>
<kw name="Open Browser" owner="SeleniumLibrary">
<msg time="2025-04-12T10:25:29.032600" level="INFO">Opening browser 'safari' to base url 'https://parabank.parasoft.com/parabank/index.htm' through remote server at 'https://dysmon_Mlc58X:tL2LN4zxKufmEATBcRBQ@hub-cloud.browserstack.com/wd/hub'.</msg>
<arg>${PARABANK_URL}</arg>
<arg>browser=${BROWSER.lower()}</arg>
<arg>remote_url=${remote_url}</arg>
<arg>options=${options}</arg>
<doc>Opens a new browser instance to the optional ``url``.</doc>
<status status="PASS" start="2025-04-12T10:25:29.031466" elapsed="15.759175"/>
</kw>
<kw name="Set Window Size" owner="SeleniumLibrary">
<arg>1280</arg>
<arg>1024</arg>
<doc>Sets current windows size to given ``width`` and ``height``.</doc>
<status status="PASS" start="2025-04-12T10:25:44.791053" elapsed="0.288800"/>
</kw>
<kw name="Set Selenium Timeout" owner="SeleniumLibrary">
<arg>15 seconds</arg>
<doc>Sets the timeout that is used by various keywords.</doc>
<status status="PASS" start="2025-04-12T10:25:45.080242" elapsed="0.315668"/>
</kw>
<status status="PASS" start="2025-04-12T10:25:29.028737" elapsed="16.367428"/>
</kw>
<kw name="Login With Credentials">
<kw name="Wait Until Element Is Visible" owner="SeleniumLibrary">
<arg>name=username</arg>
<arg>timeout=15</arg>
<doc>Waits until the element ``locator`` is visible.</doc>
<status status="PASS" start="2025-04-12T10:25:45.397502" elapsed="0.929166"/>
</kw>
<kw name="Input Text" owner="SeleniumLibrary">
<msg time="2025-04-12T10:25:46.327335" level="INFO">Typing text 'Modern_qwerty' into text field 'name=username'.</msg>
<arg>name=username</arg>
<arg>${username}</arg>
<doc>Types the given ``text`` into the text field identified by ``locator``.</doc>
<status status="PASS" start="2025-04-12T10:25:46.326971" elapsed="0.921128"/>
</kw>
<kw name="Input Password" owner="SeleniumLibrary">
<msg time="2025-04-12T10:25:47.248954" level="INFO">Typing password into text field 'name=password'.</msg>
<msg time="2025-04-12T10:25:47.862448" level="INFO">Temporally setting log level to: NONE</msg>
<arg>name=password</arg>
<arg>${password}</arg>
<doc>Types the given password into the text field identified by ``locator``.</doc>
<status status="PASS" start="2025-04-12T10:25:47.248454" elapsed="0.921203"/>
</kw>
<kw name="Click Button" owner="SeleniumLibrary">
<msg time="2025-04-12T10:25:48.170455" level="INFO">Clicking button 'css=input[value='Log In']'.</msg>
<arg>css=input[value='Log In']</arg>
<doc>Clicks the button identified by ``locator``.</doc>
<status status="PASS" start="2025-04-12T10:25:48.170034" elapsed="0.921098"/>
</kw>
<arg>${VALID_USERNAME}</arg>
<arg>${VALID_PASSWORD}</arg>
<status status="PASS" start="2025-04-12T10:25:45.396656" elapsed="3.694735"/>
</kw>
<kw name="Verify Accounts Overview Page Loaded">
<kw name="Wait Until Page Contains" owner="SeleniumLibrary">
<arg>Accounts Overview</arg>
<arg>timeout=15</arg>
<doc>Waits until ``text`` appears on the current page.</doc>
<status status="PASS" start="2025-04-12T10:25:49.092478" elapsed="1.026320"/>
</kw>
<kw name="Wait Until Element Is Visible" owner="SeleniumLibrary">
<arg>id=accountTable</arg>
<arg>timeout=15</arg>
<doc>Waits until the element ``locator`` is visible.</doc>
<status status="PASS" start="2025-04-12T10:25:50.119182" elapsed="0.576251"/>
</kw>
<status status="PASS" start="2025-04-12T10:25:49.091896" elapsed="1.603793"/>
</kw>
<kw name="Run Keywords" owner="BuiltIn" type="TEARDOWN">
<kw name="Run Keyword If Test Failed" owner="BuiltIn">
<arg>Capture Page Screenshot</arg>
<doc>Runs the given keyword with the given arguments, if the test failed.</doc>
<status status="PASS" start="2025-04-12T10:25:50.696548" elapsed="0.000187"/>
</kw>
<kw name="Close Browser" owner="SeleniumLibrary">
<doc>Closes the current browser.</doc>
<status status="PASS" start="2025-04-12T10:25:50.696960" elapsed="1.161318"/>
</kw>
<arg>Run Keyword If Test Failed</arg>
<arg>Capture Page Screenshot</arg>
<arg>AND</arg>
<arg>Close Browser</arg>
<doc>Executes all the given keywords in a sequence.</doc>
<status status="PASS" start="2025-04-12T10:25:50.696194" elapsed="1.162249"/>
</kw>
<doc>Verify user can login</doc>
<status status="PASS" start="2025-04-12T10:25:29.028102" elapsed="22.830527"/>
</test>
<test id="s1-t2" name="Balance Check" line="21">
<kw name="Open Browser To ParaBank">
<kw name="Get Browserstack Url" owner="browserstack_config">
<msg time="2025-04-12T10:25:51.860336" level="INFO">${remote_url} = https://dysmon_Mlc58X:tL2LN4zxKufmEATBcRBQ@hub-cloud.browserstack.com/wd/hub</msg>
<var>${remote_url}</var>
<status status="PASS" start="2025-04-12T10:25:51.860119" elapsed="0.000264"/>
</kw>
<kw name="Get Browser Options" owner="browserstack_config">
<msg time="2025-04-12T10:25:51.860867" level="INFO">${options} = &lt;selenium.webdriver.safari.options.Options object at 0x737416cb7980&gt;</msg>
<var>${options}</var>
<arg>${BROWSER}</arg>
<status status="PASS" start="2025-04-12T10:25:51.860553" elapsed="0.000360"/>
</kw>
<kw name="Open Browser" owner="SeleniumLibrary">
<msg time="2025-04-12T10:25:51.862089" level="INFO">Opening browser 'safari' to base url 'https://parabank.parasoft.com/parabank/index.htm' through remote server at 'https://dysmon_Mlc58X:tL2LN4zxKufmEATBcRBQ@hub-cloud.browserstack.com/wd/hub'.</msg>
<arg>${PARABANK_URL}</arg>
<arg>browser=${BROWSER.lower()}</arg>
<arg>remote_url=${remote_url}</arg>
<arg>options=${options}</arg>
<doc>Opens a new browser instance to the optional ``url``.</doc>
<status status="PASS" start="2025-04-12T10:25:51.861125" elapsed="16.038063"/>
</kw>
<kw name="Set Window Size" owner="SeleniumLibrary">
<arg>1280</arg>
<arg>1024</arg>
<doc>Sets current windows size to given ``width`` and ``height``.</doc>
<status status="PASS" start="2025-04-12T10:26:07.899533" elapsed="0.237893"/>
</kw>
<kw name="Set Selenium Timeout" owner="SeleniumLibrary">
<arg>15 seconds</arg>
<doc>Sets the timeout that is used by various keywords.</doc>
<status status="PASS" start="2025-04-12T10:26:08.137765" elapsed="0.306726"/>
</kw>
<status status="PASS" start="2025-04-12T10:25:51.859695" elapsed="16.585012"/>
</kw>
<kw name="Login With Credentials">
<kw name="Wait Until Element Is Visible" owner="SeleniumLibrary">
<arg>name=username</arg>
<arg>timeout=15</arg>
<doc>Waits until the element ``locator`` is visible.</doc>
<status status="PASS" start="2025-04-12T10:26:08.445971" elapsed="0.920609"/>
</kw>
<kw name="Input Text" owner="SeleniumLibrary">
<msg time="2025-04-12T10:26:09.367542" level="INFO">Typing text 'Modern_qwerty' into text field 'name=username'.</msg>
<arg>name=username</arg>
<arg>${username}</arg>
<doc>Types the given ``text`` into the text field identified by ``locator``.</doc>
<status status="PASS" start="2025-04-12T10:26:09.367009" elapsed="0.921444"/>
</kw>
<kw name="Input Password" owner="SeleniumLibrary">
<msg time="2025-04-12T10:26:10.289113" level="INFO">Typing password into text field 'name=password'.</msg>
<msg time="2025-04-12T10:26:10.902321" level="INFO">Temporally setting log level to: NONE</msg>
<arg>name=password</arg>
<arg>${password}</arg>
<doc>Types the given password into the text field identified by ``locator``.</doc>
<status status="PASS" start="2025-04-12T10:26:10.288760" elapsed="0.922047"/>
</kw>
<kw name="Click Button" owner="SeleniumLibrary">
<msg time="2025-04-12T10:26:11.211793" level="INFO">Clicking button 'css=input[value='Log In']'.</msg>
<arg>css=input[value='Log In']</arg>
<doc>Clicks the button identified by ``locator``.</doc>
<status status="PASS" start="2025-04-12T10:26:11.211369" elapsed="0.984275"/>
</kw>
<arg>${VALID_USERNAME}</arg>
<arg>${VALID_PASSWORD}</arg>
<status status="PASS" start="2025-04-12T10:26:08.445103" elapsed="3.750713"/>
</kw>
<kw name="Get Account Balance">
<kw name="Wait Until Element Is Visible" owner="SeleniumLibrary">
<arg>css=#accountTable tr:first-child td:nth-child(2)</arg>
<arg>timeout=15</arg>
<doc>Waits until the element ``locator`` is visible.</doc>
<status status="PASS" start="2025-04-12T10:26:12.196756" elapsed="2.003755"/>
</kw>
<kw name="Get Text" owner="SeleniumLibrary">
<msg time="2025-04-12T10:26:15.198658" level="INFO">${balance_text} = $515.50</msg>
<var>${balance_text}</var>
<arg>css=#accountTable tr:first-child td:nth-child(2)</arg>
<doc>Returns the text value of the element identified by ``locator``.</doc>
<status status="PASS" start="2025-04-12T10:26:14.200862" elapsed="0.997878"/>
</kw>
<kw name="Replace String" owner="String">
<msg time="2025-04-12T10:26:15.199760" level="INFO">${clean_balance} = 515.50</msg>
<var>${clean_balance}</var>
<arg>${balance_text}</arg>
<arg>$</arg>
<arg>${EMPTY}</arg>
<doc>Replaces ``search_for`` in the given ``string`` with ``replace_with``.</doc>
<status status="PASS" start="2025-04-12T10:26:15.199031" elapsed="0.000768"/>
</kw>
<kw name="Replace String" owner="String">
<msg time="2025-04-12T10:26:15.200460" level="INFO">${clean_balance} = 515.50</msg>
<var>${clean_balance}</var>
<arg>${clean_balance}</arg>
<arg>,</arg>
<arg>${EMPTY}</arg>
<doc>Replaces ``search_for`` in the given ``string`` with ``replace_with``.</doc>
<status status="PASS" start="2025-04-12T10:26:15.199945" elapsed="0.000551"/>
</kw>
<return>
<value>${clean_balance}</value>
<status status="PASS" start="2025-04-12T10:26:15.200623" elapsed="0.000083"/>
</return>
<msg time="2025-04-12T10:26:15.200896" level="INFO">${balance} = 515.50</msg>
<var>${balance}</var>
<status status="PASS" start="2025-04-12T10:26:12.196238" elapsed="3.004694"/>
</kw>
<kw name="Log To Console" owner="BuiltIn">
<arg>Account Balance: ${balance}</arg>
<doc>Logs the given message to the console.</doc>
<status status="PASS" start="2025-04-12T10:26:15.201164" elapsed="0.000266"/>
</kw>
<kw name="Should Not Be Empty" owner="BuiltIn">
<msg time="2025-04-12T10:26:15.201873" level="INFO">Length is 6.</msg>
<arg>${balance}</arg>
<doc>Verifies that the given item is not empty.</doc>
<status status="PASS" start="2025-04-12T10:26:15.201658" elapsed="0.000293"/>
</kw>
<kw name="Logout From Application">
<kw name="Click Link" owner="SeleniumLibrary">
<msg time="2025-04-12T10:26:15.203076" level="INFO">Clicking link 'css=a[href*='logout.htm']'.</msg>
<arg>css=a[href*='logout.htm']</arg>
<doc>Clicks a link identified by ``locator``.</doc>
<status status="PASS" start="2025-04-12T10:26:15.202734" elapsed="0.517193"/>
</kw>
<kw name="Wait Until Element Is Visible" owner="SeleniumLibrary">
<arg>name=username</arg>
<arg>timeout=15</arg>
<doc>Waits until the element ``locator`` is visible.</doc>
<status status="PASS" start="2025-04-12T10:26:15.720363" elapsed="0.697554"/>
</kw>
<status status="PASS" start="2025-04-12T10:26:15.202273" elapsed="1.215819"/>
</kw>
<kw name="Run Keywords" owner="BuiltIn" type="TEARDOWN">
<kw name="Run Keyword If Test Failed" owner="BuiltIn">
<arg>Capture Page Screenshot</arg>
<doc>Runs the given keyword with the given arguments, if the test failed.</doc>
<status status="PASS" start="2025-04-12T10:26:16.418882" elapsed="0.000156"/>
</kw>
<kw name="Close Browser" owner="SeleniumLibrary">
<doc>Closes the current browser.</doc>
<status status="PASS" start="2025-04-12T10:26:16.419259" elapsed="1.206200"/>
</kw>
<arg>Run Keyword If Test Failed</arg>
<arg>Capture Page Screenshot</arg>
<arg>AND</arg>
<arg>Close Browser</arg>
<doc>Executes all the given keywords in a sequence.</doc>
<status status="PASS" start="2025-04-12T10:26:16.418526" elapsed="1.207108"/>
</kw>
<doc>View account balance</doc>
<status status="PASS" start="2025-04-12T10:25:51.859091" elapsed="25.766709"/>
</test>
<status status="PASS" start="2025-04-12T10:25:28.901985" elapsed="48.725063"/>
</suite>
<statistics>
<total>
<stat pass="2" fail="0" skip="0">All Tests</stat>
</total>
<tag>
</tag>
<suite>
<stat name="Tests" id="s1" pass="2" fail="0" skip="0">Tests</stat>
</suite>
</statistics>
<errors>
</errors>
</robot>
