<?xml version="1.0" encoding="UTF-8"?>
<robot generator="Robot 7.2.2 (Python 3.12.3 on linux)" generated="2025-04-12T10:23:54.550446" rpa="false" schemaversion="5">
<suite id="s1" name="Tests" source="/home/dias/Documents/kbtu/soft/browserStack/tests.robot">
<test id="s1-t1" name="Successful Account Login" line="15">
<kw name="Open Browser To ParaBank">
<kw name="Get Browserstack Url" owner="browserstack_config">
<msg time="2025-04-12T10:23:54.760183" level="INFO">${remote_url} = https://dysmon_Mlc58X:tL2LN4zxKufmEATBcRBQ@hub-cloud.browserstack.com/wd/hub</msg>
<var>${remote_url}</var>
<status status="PASS" start="2025-04-12T10:23:54.759835" elapsed="0.000416"/>
</kw>
<kw name="Get Browser Options" owner="browserstack_config">
<msg time="2025-04-12T10:23:54.760763" level="INFO">${options} = &lt;selenium.webdriver.chrome.options.Options object at 0x737416c63cb0&gt;</msg>
<var>${options}</var>
<arg>${BROWSER}</arg>
<status status="PASS" start="2025-04-12T10:23:54.760460" elapsed="0.000347"/>
</kw>
<kw name="Open Browser" owner="SeleniumLibrary">
<msg time="2025-04-12T10:23:54.762053" level="INFO">Opening browser 'chrome' to base url 'https://parabank.parasoft.com/parabank/index.htm' through remote server at 'https://dysmon_Mlc58X:tL2LN4zxKufmEATBcRBQ@hub-cloud.browserstack.com/wd/hub'.</msg>
<msg time="2025-04-12T10:24:05.565081" level="INFO">/home/dias/Documents/kbtu/soft/browserStack/venv/lib/python3.12/site-packages/selenium/webdriver/remote/remote_connection.py:418: UserWarning: Embedding username and password in URL could be insecure, use ClientConfig instead
  headers = self.get_remote_connection_headers(parsed_url, self._client_config.keep_alive)</msg>
<arg>${PARABANK_URL}</arg>
<arg>browser=${BROWSER.lower()}</arg>
<arg>remote_url=${remote_url}</arg>
<arg>options=${options}</arg>
<doc>Opens a new browser instance to the optional ``url``.</doc>
<status status="PASS" start="2025-04-12T10:23:54.761004" elapsed="10.804309"/>
</kw>
<kw name="Set Window Size" owner="SeleniumLibrary">
<arg>1280</arg>
<arg>1024</arg>
<doc>Sets current windows size to given ``width`` and ``height``.</doc>
<status status="PASS" start="2025-04-12T10:24:05.565784" elapsed="0.306631"/>
</kw>
<kw name="Set Selenium Timeout" owner="SeleniumLibrary">
<arg>15 seconds</arg>
<doc>Sets the timeout that is used by various keywords.</doc>
<status status="PASS" start="2025-04-12T10:24:05.872853" elapsed="0.306028"/>
</kw>
<status status="PASS" start="2025-04-12T10:23:54.758483" elapsed="11.420623"/>
</kw>
<kw name="Login With Credentials">
<kw name="Wait Until Element Is Visible" owner="SeleniumLibrary">
<arg>name=username</arg>
<arg>timeout=15</arg>
<doc>Waits until the element ``locator`` is visible.</doc>
<status status="PASS" start="2025-04-12T10:24:06.180104" elapsed="0.920021"/>
</kw>
<kw name="Input Text" owner="SeleniumLibrary">
<msg time="2025-04-12T10:24:07.101138" level="INFO">Typing text 'Modern_qwerty' into text field 'name=username'.</msg>
<arg>name=username</arg>
<arg>${username}</arg>
<doc>Types the given ``text`` into the text field identified by ``locator``.</doc>
<status status="PASS" start="2025-04-12T10:24:07.100583" elapsed="0.989522"/>
</kw>
<kw name="Input Password" owner="SeleniumLibrary">
<msg time="2025-04-12T10:24:08.091130" level="INFO">Typing password into text field 'name=password'.</msg>
<msg time="2025-04-12T10:24:08.704857" level="INFO">Temporally setting log level to: NONE</msg>
<arg>name=password</arg>
<arg>${password}</arg>
<doc>Types the given password into the text field identified by ``locator``.</doc>
<status status="PASS" start="2025-04-12T10:24:08.090546" elapsed="0.925192"/>
</kw>
<kw name="Click Button" owner="SeleniumLibrary">
<msg time="2025-04-12T10:24:09.016557" level="INFO">Clicking button 'css=input[value='Log In']'.</msg>
<arg>css=input[value='Log In']</arg>
<doc>Clicks the button identified by ``locator``.</doc>
<status status="PASS" start="2025-04-12T10:24:09.016141" elapsed="2.078727"/>
</kw>
<arg>${VALID_USERNAME}</arg>
<arg>${VALID_PASSWORD}</arg>
<status status="PASS" start="2025-04-12T10:24:06.179514" elapsed="4.915644"/>
</kw>
<kw name="Verify Accounts Overview Page Loaded">
<kw name="Wait Until Page Contains" owner="SeleniumLibrary">
<arg>Accounts Overview</arg>
<arg>timeout=15</arg>
<doc>Waits until ``text`` appears on the current page.</doc>
<status status="PASS" start="2025-04-12T10:24:11.096268" elapsed="0.500277"/>
</kw>
<kw name="Wait Until Element Is Visible" owner="SeleniumLibrary">
<arg>id=accountTable</arg>
<arg>timeout=15</arg>
<doc>Waits until the element ``locator`` is visible.</doc>
<status status="PASS" start="2025-04-12T10:24:11.596885" elapsed="1.104551"/>
</kw>
<status status="PASS" start="2025-04-12T10:24:11.095718" elapsed="1.606006"/>
</kw>
<kw name="Run Keywords" owner="BuiltIn" type="TEARDOWN">
<kw name="Run Keyword If Test Failed" owner="BuiltIn">
<arg>Capture Page Screenshot</arg>
<doc>Runs the given keyword with the given arguments, if the test failed.</doc>
<status status="PASS" start="2025-04-12T10:24:12.702803" elapsed="0.000121"/>
</kw>
<kw name="Close Browser" owner="SeleniumLibrary">
<doc>Closes the current browser.</doc>
<status status="PASS" start="2025-04-12T10:24:12.703093" elapsed="1.772562"/>
</kw>
<arg>Run Keyword If Test Failed</arg>
<arg>Capture Page Screenshot</arg>
<arg>AND</arg>
<arg>Close Browser</arg>
<doc>Executes all the given keywords in a sequence.</doc>
<status status="PASS" start="2025-04-12T10:24:12.702431" elapsed="1.773393"/>
</kw>
<doc>Verify user can login</doc>
<status status="PASS" start="2025-04-12T10:23:54.757374" elapsed="19.718627"/>
</test>
<test id="s1-t2" name="Balance Check" line="21">
<kw name="Open Browser To ParaBank">
<kw name="Get Browserstack Url" owner="browserstack_config">
<msg time="2025-04-12T10:24:14.478036" level="INFO">${remote_url} = https://dysmon_Mlc58X:tL2LN4zxKufmEATBcRBQ@hub-cloud.browserstack.com/wd/hub</msg>
<var>${remote_url}</var>
<status status="PASS" start="2025-04-12T10:24:14.477847" elapsed="0.000231"/>
</kw>
<kw name="Get Browser Options" owner="browserstack_config">
<msg time="2025-04-12T10:24:14.478492" level="INFO">${options} = &lt;selenium.webdriver.chrome.options.Options object at 0x737416cb4aa0&gt;</msg>
<var>${options}</var>
<arg>${BROWSER}</arg>
<status status="PASS" start="2025-04-12T10:24:14.478204" elapsed="0.000337"/>
</kw>
<kw name="Open Browser" owner="SeleniumLibrary">
<msg time="2025-04-12T10:24:14.479827" level="INFO">Opening browser 'chrome' to base url 'https://parabank.parasoft.com/parabank/index.htm' through remote server at 'https://dysmon_Mlc58X:tL2LN4zxKufmEATBcRBQ@hub-cloud.browserstack.com/wd/hub'.</msg>
<arg>${PARABANK_URL}</arg>
<arg>browser=${BROWSER.lower()}</arg>
<arg>remote_url=${remote_url}</arg>
<arg>options=${options}</arg>
<doc>Opens a new browser instance to the optional ``url``.</doc>
<status status="PASS" start="2025-04-12T10:24:14.478802" elapsed="11.122137"/>
</kw>
<kw name="Set Window Size" owner="SeleniumLibrary">
<arg>1280</arg>
<arg>1024</arg>
<doc>Sets current windows size to given ``width`` and ``height``.</doc>
<status status="PASS" start="2025-04-12T10:24:25.601370" elapsed="0.316115"/>
</kw>
<kw name="Set Selenium Timeout" owner="SeleniumLibrary">
<arg>15 seconds</arg>
<doc>Sets the timeout that is used by various keywords.</doc>
<status status="PASS" start="2025-04-12T10:24:25.917845" elapsed="0.297238"/>
</kw>
<status status="PASS" start="2025-04-12T10:24:14.477480" elapsed="11.737865"/>
</kw>
<kw name="Login With Credentials">
<kw name="Wait Until Element Is Visible" owner="SeleniumLibrary">
<arg>name=username</arg>
<arg>timeout=15</arg>
<doc>Waits until the element ``locator`` is visible.</doc>
<status status="PASS" start="2025-04-12T10:24:26.216666" elapsed="0.919591"/>
</kw>
<kw name="Input Text" owner="SeleniumLibrary">
<msg time="2025-04-12T10:24:27.137204" level="INFO">Typing text 'Modern_qwerty' into text field 'name=username'.</msg>
<arg>name=username</arg>
<arg>${username}</arg>
<doc>Types the given ``text`` into the text field identified by ``locator``.</doc>
<status status="PASS" start="2025-04-12T10:24:27.136688" elapsed="1.160838"/>
</kw>
<kw name="Input Password" owner="SeleniumLibrary">
<msg time="2025-04-12T10:24:28.298759" level="INFO">Typing password into text field 'name=password'.</msg>
<msg time="2025-04-12T10:24:29.219211" level="INFO">Temporally setting log level to: NONE</msg>
<arg>name=password</arg>
<arg>${password}</arg>
<doc>Types the given password into the text field identified by ``locator``.</doc>
<status status="PASS" start="2025-04-12T10:24:28.297988" elapsed="1.247948"/>
</kw>
<kw name="Click Button" owner="SeleniumLibrary">
<msg time="2025-04-12T10:24:29.546748" level="INFO">Clicking button 'css=input[value='Log In']'.</msg>
<arg>css=input[value='Log In']</arg>
<doc>Clicks the button identified by ``locator``.</doc>
<status status="PASS" start="2025-04-12T10:24:29.546338" elapsed="1.891166"/>
</kw>
<arg>${VALID_USERNAME}</arg>
<arg>${VALID_PASSWORD}</arg>
<status status="PASS" start="2025-04-12T10:24:26.215855" elapsed="5.221959"/>
</kw>
<kw name="Get Account Balance">
<kw name="Wait Until Element Is Visible" owner="SeleniumLibrary">
<arg>css=#accountTable tr:first-child td:nth-child(2)</arg>
<arg>timeout=15</arg>
<doc>Waits until the element ``locator`` is visible.</doc>
<status status="PASS" start="2025-04-12T10:24:31.438853" elapsed="0.886294"/>
</kw>
<kw name="Get Text" owner="SeleniumLibrary">
<msg time="2025-04-12T10:24:32.973649" level="INFO">${balance_text} = $515.50</msg>
<var>${balance_text}</var>
<arg>css=#accountTable tr:first-child td:nth-child(2)</arg>
<doc>Returns the text value of the element identified by ``locator``.</doc>
<status status="PASS" start="2025-04-12T10:24:32.325558" elapsed="0.648191"/>
</kw>
<kw name="Replace String" owner="String">
<msg time="2025-04-12T10:24:32.974929" level="INFO">${clean_balance} = 515.50</msg>
<var>${clean_balance}</var>
<arg>${balance_text}</arg>
<arg>$</arg>
<arg>${EMPTY}</arg>
<doc>Replaces ``search_for`` in the given ``string`` with ``replace_with``.</doc>
<status status="PASS" start="2025-04-12T10:24:32.974108" elapsed="0.000859"/>
</kw>
<kw name="Replace String" owner="String">
<msg time="2025-04-12T10:24:32.975630" level="INFO">${clean_balance} = 515.50</msg>
<var>${clean_balance}</var>
<arg>${clean_balance}</arg>
<arg>,</arg>
<arg>${EMPTY}</arg>
<doc>Replaces ``search_for`` in the given ``string`` with ``replace_with``.</doc>
<status status="PASS" start="2025-04-12T10:24:32.975108" elapsed="0.000560"/>
</kw>
<return>
<value>${clean_balance}</value>
<status status="PASS" start="2025-04-12T10:24:32.975765" elapsed="0.000103"/>
</return>
<msg time="2025-04-12T10:24:32.976062" level="INFO">${balance} = 515.50</msg>
<var>${balance}</var>
<status status="PASS" start="2025-04-12T10:24:31.438390" elapsed="1.537706"/>
</kw>
<kw name="Log To Console" owner="BuiltIn">
<arg>Account Balance: ${balance}</arg>
<doc>Logs the given message to the console.</doc>
<status status="PASS" start="2025-04-12T10:24:32.976317" elapsed="0.000227"/>
</kw>
<kw name="Should Not Be Empty" owner="BuiltIn">
<msg time="2025-04-12T10:24:32.976876" level="INFO">Length is 6.</msg>
<arg>${balance}</arg>
<doc>Verifies that the given item is not empty.</doc>
<status status="PASS" start="2025-04-12T10:24:32.976718" elapsed="0.000213"/>
</kw>
<kw name="Logout From Application">
<kw name="Click Link" owner="SeleniumLibrary">
<msg time="2025-04-12T10:24:32.977722" level="INFO">Clicking link 'css=a[href*='logout.htm']'.</msg>
<arg>css=a[href*='logout.htm']</arg>
<doc>Clicks a link identified by ``locator``.</doc>
<status status="PASS" start="2025-04-12T10:24:32.977465" elapsed="1.463436"/>
</kw>
<kw name="Wait Until Element Is Visible" owner="SeleniumLibrary">
<arg>name=username</arg>
<arg>timeout=15</arg>
<doc>Waits until the element ``locator`` is visible.</doc>
<status status="PASS" start="2025-04-12T10:24:34.441223" elapsed="0.921257"/>
</kw>
<status status="PASS" start="2025-04-12T10:24:32.977167" elapsed="2.385614"/>
</kw>
<kw name="Run Keywords" owner="BuiltIn" type="TEARDOWN">
<kw name="Run Keyword If Test Failed" owner="BuiltIn">
<arg>Capture Page Screenshot</arg>
<doc>Runs the given keyword with the given arguments, if the test failed.</doc>
<status status="PASS" start="2025-04-12T10:24:35.363665" elapsed="0.000108"/>
</kw>
<kw name="Close Browser" owner="SeleniumLibrary">
<doc>Closes the current browser.</doc>
<status status="PASS" start="2025-04-12T10:24:35.363922" elapsed="1.844700"/>
</kw>
<arg>Run Keyword If Test Failed</arg>
<arg>Capture Page Screenshot</arg>
<arg>AND</arg>
<arg>Close Browser</arg>
<doc>Executes all the given keywords in a sequence.</doc>
<status status="PASS" start="2025-04-12T10:24:35.363383" elapsed="1.845403"/>
</kw>
<doc>View account balance</doc>
<status status="PASS" start="2025-04-12T10:24:14.476891" elapsed="22.732061"/>
</test>
<status status="PASS" start="2025-04-12T10:23:54.552445" elapsed="42.657569"/>
</suite>
<statistics>
<total>
<stat pass="2" fail="0" skip="0">All Tests</stat>
</total>
<tag>
</tag>
<suite>
<stat name="Tests" id="s1" pass="2" fail="0" skip="0">Tests</stat>
</suite>
</statistics>
<errors>
</errors>
</robot>
